2024.07.23 10:05:10 INFO  Started: Metals version 1.3.3 in folders 'D:\scala\functional-programming\assignment1' for client Visual Studio Code 1.91.1.
SLF4J(W): Class path contains multiple SLF4J providers.
SLF4J(W): Found provider [scribe.slf4j.ScribeServiceProvider@4d8a391d]
SLF4J(W): Found provider [ch.qos.logback.classic.spi.LogbackServiceProvider@4bb9498e]
SLF4J(W): See https://www.slf4j.org/codes.html#multiple_bindings for an explanation.
SLF4J(I): Actual provider is of type [scribe.slf4j.ScribeServiceProvider@4d8a391d]
2024.07.23 10:05:10 WARN  Flyway upgrade recommended: H2 2.2.224 is newer than this version of Flyway and support has not been tested. The latest supported version of H2 is 2.2.220.
2024.07.23 10:05:11 INFO  no build target found for D:\scala\functional-programming\assignment1\22000356.scala. Using presentation compiler with project's scala-library version: 3.3.3
2024.07.23 10:05:15 INFO  Running List(C:\Users\Ishan Maduranga\AppData\Local\Coursier\data\bin\scala-cli.BAT, setup-ide, D:\scala\functional-programming\assignment1)
2024.07.23 10:05:15 INFO  Attempting to connect to the build server...
2024.07.23 10:05:15 INFO  Running BSP server List(C:\Users\Ishan Maduranga\AppData\Local\Coursier\data\bin\.scala-cli.aux.exe, bsp, --json-options, D:\scala\functional-programming\assignment1\.scala-build\ide-options-v2.json, --json-launcher-options, D:\scala\functional-programming\assignment1\.scala-build\ide-launcher-options.json, --envs-file, D:\scala\functional-programming\assignment1\.scala-build\ide-envs.json, D:\scala\functional-programming\assignment1)
2024.07.23 10:05:15 INFO  tracing is disabled for protocol BSP, to enable tracing of incoming and outgoing JSON messages create an empty file at D:\scala\functional-programming\assignment1\.metals\bsp.trace.json or C:\Users\Ishan Maduranga\AppData\Local\scalameta\metals\cache\bsp.trace.json
2024.07.23 10:05:17 INFO  BSP server: Starting compilation server
2024.07.23 10:05:19 INFO  no build target found for D:\scala\functional-programming\assignment1\22000356.scala. Using presentation compiler with project's scala-library version: 3.3.3
2024.07.23 10:05:23 INFO  time: Connected to build server in 7.93s
2024.07.23 10:05:23 INFO  Connected to Build server: scala-cli v1.3.2
2024.07.23 10:05:24 INFO  time: Imported build in 0.22s
2024.07.23 10:05:24 INFO  running doctor check
2024.07.23 10:05:24 INFO  java targets: assignment1_e91d09b95c-test, assignment1_e91d09b95c
2024.07.23 10:05:24 INFO  compiling assignment1_e91d09b95c (1 scala source)
2024.07.23 10:05:28 INFO  time: compiled assignment1_e91d09b95c in 3.55s
2024.07.23 10:09:34 INFO  no build target found for D:\scala\functional-programming\assignment1\build.sbt. Using presentation compiler with project's scala-library version: 3.3.3
Jul 23, 2024 10:09:34 AM org.eclipse.lsp4j.jsonrpc.RemoteEndpoint handleCancellation
WARNING: Unmatched cancel notification for request id 17
Jul 23, 2024 10:09:34 AM org.eclipse.lsp4j.jsonrpc.RemoteEndpoint handleCancellation
WARNING: Unmatched cancel notification for request id 20
Jul 23, 2024 10:09:34 AM org.eclipse.lsp4j.jsonrpc.RemoteEndpoint handleCancellation
WARNING: Unmatched cancel notification for request id 23
2024.07.23 10:09:34 INFO  no build target found for D:\scala\functional-programming\assignment1\build.sbt. Using presentation compiler with project's scala-library version: 3.3.3
2024.07.23 10:09:34 INFO  no build target found for D:\scala\functional-programming\assignment1\build.sbt. Using presentation compiler with project's scala-library version: 3.3.3
2024.07.23 10:09:34 INFO  no build target found for D:\scala\functional-programming\assignment1\build.sbt. Using presentation compiler with project's scala-library version: 3.3.3
2024.07.23 10:09:34 INFO  no build target found for D:\scala\functional-programming\assignment1\build.sbt. Using presentation compiler with project's scala-library version: 3.3.3
2024.07.23 10:09:34 WARN  Could not find semantic tokens for: file:///D:/scala/functional-programming/assignment1/build.sbt
Jul 23, 2024 10:09:34 AM org.eclipse.lsp4j.jsonrpc.RemoteEndpoint handleCancellation
WARNING: Unmatched cancel notification for request id 29
2024.07.23 10:09:34 INFO  no build target found for D:\scala\functional-programming\assignment1\build.sbt. Using presentation compiler with project's scala-library version: 3.3.3
Jul 23, 2024 10:09:34 AM org.eclipse.lsp4j.jsonrpc.RemoteEndpoint handleCancellation
WARNING: Unmatched cancel notification for request id 18
Jul 23, 2024 10:09:34 AM org.eclipse.lsp4j.jsonrpc.RemoteEndpoint handleCancellation
WARNING: Unmatched cancel notification for request id 33
Jul 23, 2024 10:09:34 AM org.eclipse.lsp4j.jsonrpc.RemoteEndpoint handleCancellation
WARNING: Unmatched cancel notification for request id 38
Jul 23, 2024 10:09:34 AM org.eclipse.lsp4j.jsonrpc.RemoteEndpoint handleCancellation
WARNING: Unmatched cancel notification for request id 36
2024.07.23 10:09:34 INFO  no build target found for D:\scala\functional-programming\assignment1\build.sbt. Using presentation compiler with project's scala-library version: 3.3.3
2024.07.23 10:09:34 WARN  no build target for: D:\scala\functional-programming\assignment1\build.sbt
2024.07.23 10:09:34 INFO  no build target found for D:\scala\functional-programming\assignment1\build.sbt. Using presentation compiler with project's scala-library version: 3.3.3
2024.07.23 10:09:34 INFO  no build target found for D:\scala\functional-programming\assignment1\build.sbt. Using presentation compiler with project's scala-library version: 3.3.3
Jul 23, 2024 10:09:34 AM org.eclipse.lsp4j.jsonrpc.RemoteEndpoint handleCancellation
WARNING: Unmatched cancel notification for request id 43
2024.07.23 10:09:34 INFO  no build target found for D:\scala\functional-programming\assignment1\build.sbt. Using presentation compiler with project's scala-library version: 3.3.3
Jul 23, 2024 10:09:34 AM org.eclipse.lsp4j.jsonrpc.RemoteEndpoint handleCancellation
WARNING: Unmatched cancel notification for request id 46
Jul 23, 2024 10:09:34 AM org.eclipse.lsp4j.jsonrpc.RemoteEndpoint handleCancellation
WARNING: Unmatched cancel notification for request id 48
2024.07.23 10:09:34 INFO  no build target found for D:\scala\functional-programming\assignment1\build.sbt. Using presentation compiler with project's scala-library version: 3.3.3
Jul 23, 2024 10:09:34 AM org.eclipse.lsp4j.jsonrpc.RemoteEndpoint handleCancellation
WARNING: Unmatched cancel notification for request id 52
2024.07.23 10:09:34 INFO  no build target found for D:\scala\functional-programming\assignment1\build.sbt. Using presentation compiler with project's scala-library version: 3.3.3
Jul 23, 2024 10:09:35 AM org.eclipse.lsp4j.jsonrpc.RemoteEndpoint handleCancellation
WARNING: Unmatched cancel notification for request id 56
2024.07.23 10:09:34 INFO  no build target found for D:\scala\functional-programming\assignment1\build.sbt. Using presentation compiler with project's scala-library version: 3.3.3
Jul 23, 2024 10:09:35 AM org.eclipse.lsp4j.jsonrpc.RemoteEndpoint handleCancellation
WARNING: Unmatched cancel notification for request id 60
2024.07.23 10:09:35 WARN  no build target for: D:\scala\functional-programming\assignment1\build.sbt
Jul 23, 2024 10:09:35 AM org.eclipse.lsp4j.jsonrpc.RemoteEndpoint handleCancellation
WARNING: Unmatched cancel notification for request id 61
Jul 23, 2024 10:09:35 AM org.eclipse.lsp4j.jsonrpc.RemoteEndpoint handleCancellation
WARNING: Unmatched cancel notification for request id 59
2024.07.23 10:09:34 INFO  no build target found for D:\scala\functional-programming\assignment1\build.sbt. Using presentation compiler with project's scala-library version: 3.3.3
Jul 23, 2024 10:09:35 AM org.eclipse.lsp4j.jsonrpc.RemoteEndpoint handleCancellation
WARNING: Unmatched cancel notification for request id 64
2024.07.23 10:09:34 INFO  no build target found for D:\scala\functional-programming\assignment1\build.sbt. Using presentation compiler with project's scala-library version: 3.3.3
2024.07.23 10:09:34 INFO  no build target found for D:\scala\functional-programming\assignment1\build.sbt. Using presentation compiler with project's scala-library version: 3.3.3
Jul 23, 2024 10:09:35 AM org.eclipse.lsp4j.jsonrpc.RemoteEndpoint handleCancellation
WARNING: Unmatched cancel notification for request id 67
Jul 23, 2024 10:09:35 AM org.eclipse.lsp4j.jsonrpc.RemoteEndpoint handleCancellation
WARNING: Unmatched cancel notification for request id 69
2024.07.23 10:09:34 INFO  no build target found for D:\scala\functional-programming\assignment1\build.sbt. Using presentation compiler with project's scala-library version: 3.3.3
Jul 23, 2024 10:09:35 AM org.eclipse.lsp4j.jsonrpc.RemoteEndpoint handleCancellation
WARNING: Unmatched cancel notification for request id 72
Jul 23, 2024 10:09:35 AM org.eclipse.lsp4j.jsonrpc.RemoteEndpoint handleCancellation
WARNING: Unmatched cancel notification for request id 74
Jul 23, 2024 10:09:35 AM org.eclipse.lsp4j.jsonrpc.RemoteEndpoint handleCancellation
WARNING: Unmatched cancel notification for request id 73
2024.07.23 10:09:34 INFO  no build target found for D:\scala\functional-programming\assignment1\build.sbt. Using presentation compiler with project's scala-library version: 3.3.3
2024.07.23 10:09:35 WARN  no build target for: D:\scala\functional-programming\assignment1\build.sbt
Jul 23, 2024 10:09:35 AM org.eclipse.lsp4j.jsonrpc.RemoteEndpoint handleCancellation
WARNING: Unmatched cancel notification for request id 77
Jul 23, 2024 10:09:35 AM org.eclipse.lsp4j.jsonrpc.RemoteEndpoint handleCancellation
WARNING: Unmatched cancel notification for request id 79
Jul 23, 2024 10:09:35 AM org.eclipse.lsp4j.jsonrpc.RemoteEndpoint handleCancellation
WARNING: Unmatched cancel notification for request id 83
Jul 23, 2024 10:09:35 AM org.eclipse.lsp4j.jsonrpc.RemoteEndpoint handleCancellation
WARNING: Unmatched cancel notification for request id 78
2024.07.23 10:09:34 INFO  no build target found for D:\scala\functional-programming\assignment1\build.sbt. Using presentation compiler with project's scala-library version: 3.3.3
2024.07.23 10:09:35 WARN  no build target for: D:\scala\functional-programming\assignment1\build.sbt
2024.07.23 10:09:34 INFO  no build target found for D:\scala\functional-programming\assignment1\build.sbt. Using presentation compiler with project's scala-library version: 3.3.3
Jul 23, 2024 10:09:35 AM org.eclipse.lsp4j.jsonrpc.RemoteEndpoint handleCancellation
WARNING: Unmatched cancel notification for request id 82
Jul 23, 2024 10:09:35 AM org.eclipse.lsp4j.jsonrpc.RemoteEndpoint handleCancellation
WARNING: Unmatched cancel notification for request id 85
2024.07.23 10:09:34 INFO  no build target found for D:\scala\functional-programming\assignment1\build.sbt. Using presentation compiler with project's scala-library version: 3.3.3
2024.07.23 10:09:34 INFO  no build target found for D:\scala\functional-programming\assignment1\build.sbt. Using presentation compiler with project's scala-library version: 3.3.3
2024.07.23 10:09:34 INFO  no build target found for D:\scala\functional-programming\assignment1\build.sbt. Using presentation compiler with project's scala-library version: 3.3.3
Jul 23, 2024 10:09:35 AM org.eclipse.lsp4j.jsonrpc.RemoteEndpoint handleCancellation
WARNING: Unmatched cancel notification for request id 90
2024.07.23 10:09:34 INFO  no build target found for D:\scala\functional-programming\assignment1\build.sbt. Using presentation compiler with project's scala-library version: 3.3.3
Jul 23, 2024 10:09:35 AM org.eclipse.lsp4j.jsonrpc.RemoteEndpoint handleCancellation
WARNING: Unmatched cancel notification for request id 94
2024.07.23 10:09:34 INFO  no build target found for D:\scala\functional-programming\assignment1\build.sbt. Using presentation compiler with project's scala-library version: 3.3.3
Jul 23, 2024 10:09:35 AM org.eclipse.lsp4j.jsonrpc.RemoteEndpoint handleCancellation
WARNING: Unmatched cancel notification for request id 98
2024.07.23 10:09:34 INFO  no build target found for D:\scala\functional-programming\assignment1\build.sbt. Using presentation compiler with project's scala-library version: 3.3.3
Jul 23, 2024 10:09:35 AM org.eclipse.lsp4j.jsonrpc.RemoteEndpoint handleCancellation
WARNING: Unmatched cancel notification for request id 102
2024.07.23 10:09:34 INFO  no build target found for D:\scala\functional-programming\assignment1\build.sbt. Using presentation compiler with project's scala-library version: 3.3.3
2024.07.23 10:09:34 WARN  no build target for: D:\scala\functional-programming\assignment1\build.sbt
Jul 23, 2024 10:09:35 AM org.eclipse.lsp4j.jsonrpc.RemoteEndpoint handleCancellation
WARNING: Unmatched cancel notification for request id 105
Jul 23, 2024 10:09:35 AM org.eclipse.lsp4j.jsonrpc.RemoteEndpoint handleCancellation
WARNING: Unmatched cancel notification for request id 106
2024.07.23 10:09:34 INFO  no build target found for D:\scala\functional-programming\assignment1\build.sbt. Using presentation compiler with project's scala-library version: 3.3.3
Jul 23, 2024 10:09:35 AM org.eclipse.lsp4j.jsonrpc.RemoteEndpoint handleCancellation
WARNING: Unmatched cancel notification for request id 110
Jul 23, 2024 10:09:35 AM org.eclipse.lsp4j.jsonrpc.RemoteEndpoint handleCancellation
WARNING: Unmatched cancel notification for request id 109
2024.07.23 10:09:34 INFO  no build target found for D:\scala\functional-programming\assignment1\build.sbt. Using presentation compiler with project's scala-library version: 3.3.3
2024.07.23 10:09:35 WARN  no build target for: D:\scala\functional-programming\assignment1\build.sbt
2024.07.23 10:09:34 INFO  no build target found for D:\scala\functional-programming\assignment1\build.sbt. Using presentation compiler with project's scala-library version: 3.3.3
Jul 23, 2024 10:09:35 AM org.eclipse.lsp4j.jsonrpc.RemoteEndpoint handleCancellation
WARNING: Unmatched cancel notification for request id 113
Jul 23, 2024 10:09:35 AM org.eclipse.lsp4j.jsonrpc.RemoteEndpoint handleCancellation
WARNING: Unmatched cancel notification for request id 115
2024.07.23 10:09:34 INFO  no build target found for D:\scala\functional-programming\assignment1\build.sbt. Using presentation compiler with project's scala-library version: 3.3.3
Jul 23, 2024 10:09:35 AM org.eclipse.lsp4j.jsonrpc.RemoteEndpoint handleCancellation
WARNING: Unmatched cancel notification for request id 119
2024.07.23 10:09:34 INFO  no build target found for D:\scala\functional-programming\assignment1\build.sbt. Using presentation compiler with project's scala-library version: 3.3.3
Jul 23, 2024 10:09:35 AM org.eclipse.lsp4j.jsonrpc.RemoteEndpoint handleCancellation
WARNING: Unmatched cancel notification for request id 123
2024.07.23 10:09:34 INFO  no build target found for D:\scala\functional-programming\assignment1\build.sbt. Using presentation compiler with project's scala-library version: 3.3.3
2024.07.23 10:09:34 INFO  no build target found for D:\scala\functional-programming\assignment1\build.sbt. Using presentation compiler with project's scala-library version: 3.3.3
Jul 23, 2024 10:09:35 AM org.eclipse.lsp4j.jsonrpc.RemoteEndpoint handleCancellation
WARNING: Unmatched cancel notification for request id 127
2024.07.23 10:09:34 INFO  no build target found for D:\scala\functional-programming\assignment1\build.sbt. Using presentation compiler with project's scala-library version: 3.3.3
Jul 23, 2024 10:09:35 AM org.eclipse.lsp4j.jsonrpc.RemoteEndpoint handleCancellation
WARNING: Unmatched cancel notification for request id 131
2024.07.23 10:09:34 INFO  no build target found for D:\scala\functional-programming\assignment1\build.sbt. Using presentation compiler with project's scala-library version: 3.3.3
2024.07.23 10:09:34 INFO  no build target found for D:\scala\functional-programming\assignment1\build.sbt. Using presentation compiler with project's scala-library version: 3.3.3
2024.07.23 10:09:34 INFO  no build target found for D:\scala\functional-programming\assignment1\build.sbt. Using presentation compiler with project's scala-library version: 3.3.3
2024.07.23 10:09:35 WARN  no build target for: D:\scala\functional-programming\assignment1\build.sbt
Jul 23, 2024 10:09:35 AM org.eclipse.lsp4j.jsonrpc.RemoteEndpoint handleCancellation
WARNING: Unmatched cancel notification for request id 138
Jul 23, 2024 10:09:35 AM org.eclipse.lsp4j.jsonrpc.RemoteEndpoint handleCancellation
WARNING: Unmatched cancel notification for request id 37
Jul 23, 2024 10:09:35 AM org.eclipse.lsp4j.jsonrpc.RemoteEndpoint handleCancellation
WARNING: Unmatched cancel notification for request id 142
2024.07.23 10:09:34 INFO  no build target found for D:\scala\functional-programming\assignment1\build.sbt. Using presentation compiler with project's scala-library version: 3.3.3
2024.07.23 10:09:34 INFO  no build target found for D:\scala\functional-programming\assignment1\build.sbt. Using presentation compiler with project's scala-library version: 3.3.3
Jul 23, 2024 10:09:35 AM org.eclipse.lsp4j.jsonrpc.RemoteEndpoint handleCancellation
WARNING: Unmatched cancel notification for request id 141
Jul 23, 2024 10:09:35 AM org.eclipse.lsp4j.jsonrpc.RemoteEndpoint handleCancellation
WARNING: Unmatched cancel notification for request id 147
Jul 23, 2024 10:09:35 AM org.eclipse.lsp4j.jsonrpc.RemoteEndpoint handleCancellation
WARNING: Unmatched cancel notification for request id 150
2024.07.23 10:09:34 INFO  no build target found for D:\scala\functional-programming\assignment1\build.sbt. Using presentation compiler with project's scala-library version: 3.3.3
Jul 23, 2024 10:09:35 AM org.eclipse.lsp4j.jsonrpc.RemoteEndpoint handleCancellation
WARNING: Unmatched cancel notification for request id 151
2024.07.23 10:09:34 INFO  no build target found for D:\scala\functional-programming\assignment1\build.sbt. Using presentation compiler with project's scala-library version: 3.3.3
Jul 23, 2024 10:09:35 AM org.eclipse.lsp4j.jsonrpc.RemoteEndpoint handleCancellation
WARNING: Unmatched cancel notification for request id 155
2024.07.23 10:09:34 INFO  no build target found for D:\scala\functional-programming\assignment1\build.sbt. Using presentation compiler with project's scala-library version: 3.3.3
Jul 23, 2024 10:09:35 AM org.eclipse.lsp4j.jsonrpc.RemoteEndpoint handleCancellation
WARNING: Unmatched cancel notification for request id 158
Jul 23, 2024 10:09:35 AM org.eclipse.lsp4j.jsonrpc.RemoteEndpoint handleCancellation
WARNING: Unmatched cancel notification for request id 160
Jul 23, 2024 10:09:35 AM org.eclipse.lsp4j.jsonrpc.RemoteEndpoint handleCancellation
WARNING: Unmatched cancel notification for request id 159
2024.07.23 10:09:34 INFO  no build target found for D:\scala\functional-programming\assignment1\build.sbt. Using presentation compiler with project's scala-library version: 3.3.3
2024.07.23 10:09:34 INFO  no build target found for D:\scala\functional-programming\assignment1\build.sbt. Using presentation compiler with project's scala-library version: 3.3.3
2024.07.23 10:09:34 INFO  no build target found for D:\scala\functional-programming\assignment1\build.sbt. Using presentation compiler with project's scala-library version: 3.3.3
2024.07.23 10:09:34 INFO  no build target found for D:\scala\functional-programming\assignment1\build.sbt. Using presentation compiler with project's scala-library version: 3.3.3
Jul 23, 2024 10:09:35 AM org.eclipse.lsp4j.jsonrpc.RemoteEndpoint handleCancellation
WARNING: Unmatched cancel notification for request id 169
2024.07.23 10:09:34 INFO  no build target found for D:\scala\functional-programming\assignment1\build.sbt. Using presentation compiler with project's scala-library version: 3.3.3
2024.07.23 10:09:34 INFO  no build target found for D:\scala\functional-programming\assignment1\build.sbt. Using presentation compiler with project's scala-library version: 3.3.3
Jul 23, 2024 10:09:35 AM org.eclipse.lsp4j.jsonrpc.RemoteEndpoint handleCancellation
WARNING: Unmatched cancel notification for request id 175
2024.07.23 10:09:34 INFO  no build target found for D:\scala\functional-programming\assignment1\build.sbt. Using presentation compiler with project's scala-library version: 3.3.3
Jul 23, 2024 10:09:35 AM org.eclipse.lsp4j.jsonrpc.RemoteEndpoint handleCancellation
WARNING: Unmatched cancel notification for request id 179
2024.07.23 10:09:35 WARN  no build target for: D:\scala\functional-programming\assignment1\build.sbt
Jul 23, 2024 10:09:35 AM org.eclipse.lsp4j.jsonrpc.RemoteEndpoint handleCancellation
WARNING: Unmatched cancel notification for request id 183
Jul 23, 2024 10:09:35 AM org.eclipse.lsp4j.jsonrpc.RemoteEndpoint handleCancellation
WARNING: Unmatched cancel notification for request id 182
2024.07.23 10:09:34 INFO  no build target found for D:\scala\functional-programming\assignment1\build.sbt. Using presentation compiler with project's scala-library version: 3.3.3
Jul 23, 2024 10:09:35 AM org.eclipse.lsp4j.jsonrpc.RemoteEndpoint handleCancellation
WARNING: Unmatched cancel notification for request id 185
2024.07.23 10:09:34 INFO  no build target found for D:\scala\functional-programming\assignment1\build.sbt. Using presentation compiler with project's scala-library version: 3.3.3
Jul 23, 2024 10:09:35 AM org.eclipse.lsp4j.jsonrpc.RemoteEndpoint handleCancellation
WARNING: Unmatched cancel notification for request id 188
Jul 23, 2024 10:09:35 AM org.eclipse.lsp4j.jsonrpc.RemoteEndpoint handleCancellation
WARNING: Unmatched cancel notification for request id 190
Jul 23, 2024 10:09:35 AM org.eclipse.lsp4j.jsonrpc.RemoteEndpoint handleCancellation
WARNING: Unmatched cancel notification for request id 194
Jul 23, 2024 10:09:35 AM org.eclipse.lsp4j.jsonrpc.RemoteEndpoint handleCancellation
WARNING: Unmatched cancel notification for request id 189
Jul 23, 2024 10:09:35 AM org.eclipse.lsp4j.jsonrpc.RemoteEndpoint handleCancellation
WARNING: Unmatched cancel notification for request id 193
2024.07.23 10:09:35 WARN  no build target for: D:\scala\functional-programming\assignment1\build.sbt
2024.07.23 10:09:34 INFO  no build target found for D:\scala\functional-programming\assignment1\build.sbt. Using presentation compiler with project's scala-library version: 3.3.3
Jul 23, 2024 10:09:35 AM org.eclipse.lsp4j.jsonrpc.RemoteEndpoint handleCancellation
WARNING: Unmatched cancel notification for request id 145
2024.07.23 10:09:34 INFO  no build target found for D:\scala\functional-programming\assignment1\build.sbt. Using presentation compiler with project's scala-library version: 3.3.3
2024.07.23 10:09:34 INFO  no build target found for D:\scala\functional-programming\assignment1\build.sbt. Using presentation compiler with project's scala-library version: 3.3.3
Jul 23, 2024 10:09:35 AM org.eclipse.lsp4j.jsonrpc.RemoteEndpoint handleCancellation
WARNING: Unmatched cancel notification for request id 196
2024.07.23 10:09:34 INFO  no build target found for D:\scala\functional-programming\assignment1\build.sbt. Using presentation compiler with project's scala-library version: 3.3.3
Jul 23, 2024 10:09:35 AM org.eclipse.lsp4j.jsonrpc.RemoteEndpoint handleCancellation
WARNING: Unmatched cancel notification for request id 199
Jul 23, 2024 10:09:35 AM org.eclipse.lsp4j.jsonrpc.RemoteEndpoint handleCancellation
WARNING: Unmatched cancel notification for request id 200
Jul 23, 2024 10:09:35 AM org.eclipse.lsp4j.jsonrpc.RemoteEndpoint handleCancellation
WARNING: Unmatched cancel notification for request id 203
Jul 23, 2024 10:09:35 AM org.eclipse.lsp4j.jsonrpc.RemoteEndpoint handleCancellation
WARNING: Unmatched cancel notification for request id 205
Jul 23, 2024 10:09:35 AM org.eclipse.lsp4j.jsonrpc.RemoteEndpoint handleCancellation
WARNING: Unmatched cancel notification for request id 208
Jul 23, 2024 10:09:35 AM org.eclipse.lsp4j.jsonrpc.RemoteEndpoint handleCancellation
WARNING: Unmatched cancel notification for request id 209
2024.07.23 10:09:35 WARN  no build target for: D:\scala\functional-programming\assignment1\build.sbt
2024.07.23 10:09:34 INFO  no build target found for D:\scala\functional-programming\assignment1\build.sbt. Using presentation compiler with project's scala-library version: 3.3.3
Jul 23, 2024 10:09:35 AM org.eclipse.lsp4j.jsonrpc.RemoteEndpoint handleCancellation
WARNING: Unmatched cancel notification for request id 212
Jul 23, 2024 10:09:35 AM org.eclipse.lsp4j.jsonrpc.RemoteEndpoint handleCancellation
WARNING: Unmatched cancel notification for request id 213
Jul 23, 2024 10:09:35 AM org.eclipse.lsp4j.jsonrpc.RemoteEndpoint handleCancellation
WARNING: Unmatched cancel notification for request id 214
Jul 23, 2024 10:09:35 AM org.eclipse.lsp4j.jsonrpc.RemoteEndpoint handleCancellation
WARNING: Unmatched cancel notification for request id 216
Jul 23, 2024 10:09:35 AM org.eclipse.lsp4j.jsonrpc.RemoteEndpoint handleCancellation
WARNING: Unmatched cancel notification for request id 218
Jul 23, 2024 10:09:35 AM org.eclipse.lsp4j.jsonrpc.RemoteEndpoint handleCancellation
WARNING: Unmatched cancel notification for request id 221
Jul 23, 2024 10:09:35 AM org.eclipse.lsp4j.jsonrpc.RemoteEndpoint handleCancellation
WARNING: Unmatched cancel notification for request id 222
Jul 23, 2024 10:09:35 AM org.eclipse.lsp4j.jsonrpc.RemoteEndpoint handleCancellation
WARNING: Unmatched cancel notification for request id 223
2024.07.23 10:09:35 WARN  no build target for: D:\scala\functional-programming\assignment1\build.sbt
Jul 23, 2024 10:09:35 AM org.eclipse.lsp4j.jsonrpc.RemoteEndpoint handleCancellation
WARNING: Unmatched cancel notification for request id 226
Jul 23, 2024 10:09:35 AM org.eclipse.lsp4j.jsonrpc.RemoteEndpoint handleCancellation
WARNING: Unmatched cancel notification for request id 227
2024.07.23 10:09:35 INFO  no build target found for D:\scala\functional-programming\assignment1\build.sbt. Using presentation compiler with project's scala-library version: 3.3.3
Jul 23, 2024 10:09:35 AM org.eclipse.lsp4j.jsonrpc.RemoteEndpoint handleCancellation
WARNING: Unmatched cancel notification for request id 231
Jul 23, 2024 10:09:35 AM org.eclipse.lsp4j.jsonrpc.RemoteEndpoint handleCancellation
WARNING: Unmatched cancel notification for request id 233
2024.07.23 10:09:35 INFO  no build target found for D:\scala\functional-programming\assignment1\build.sbt. Using presentation compiler with project's scala-library version: 3.3.3
Jul 23, 2024 10:09:35 AM org.eclipse.lsp4j.jsonrpc.RemoteEndpoint handleCancellation
WARNING: Unmatched cancel notification for request id 236
Jul 23, 2024 10:09:35 AM org.eclipse.lsp4j.jsonrpc.RemoteEndpoint handleCancellation
WARNING: Unmatched cancel notification for request id 238
Jul 23, 2024 10:09:35 AM org.eclipse.lsp4j.jsonrpc.RemoteEndpoint handleCancellation
WARNING: Unmatched cancel notification for request id 241
2024.07.23 10:09:35 INFO  no build target found for D:\scala\functional-programming\assignment1\build.sbt. Using presentation compiler with project's scala-library version: 3.3.3
Jul 23, 2024 10:09:35 AM org.eclipse.lsp4j.jsonrpc.RemoteEndpoint handleCancellation
WARNING: Unmatched cancel notification for request id 242
Jul 23, 2024 10:09:35 AM org.eclipse.lsp4j.jsonrpc.RemoteEndpoint handleCancellation
WARNING: Unmatched cancel notification for request id 245
2024.07.23 10:09:35 WARN  no build target for: D:\scala\functional-programming\assignment1\build.sbt
2024.07.23 10:09:35 INFO  no build target found for D:\scala\functional-programming\assignment1\build.sbt. Using presentation compiler with project's scala-library version: 3.3.3
Jul 23, 2024 10:09:35 AM org.eclipse.lsp4j.jsonrpc.RemoteEndpoint handleCancellation
WARNING: Unmatched cancel notification for request id 247
Jul 23, 2024 10:09:35 AM org.eclipse.lsp4j.jsonrpc.RemoteEndpoint handleCancellation
WARNING: Unmatched cancel notification for request id 249
Jul 23, 2024 10:09:35 AM org.eclipse.lsp4j.jsonrpc.RemoteEndpoint handleCancellation
WARNING: Unmatched cancel notification for request id 251
Jul 23, 2024 10:09:35 AM org.eclipse.lsp4j.jsonrpc.RemoteEndpoint handleCancellation
WARNING: Unmatched cancel notification for request id 253
Jul 23, 2024 10:09:35 AM org.eclipse.lsp4j.jsonrpc.RemoteEndpoint handleCancellation
WARNING: Unmatched cancel notification for request id 254
Jul 23, 2024 10:09:35 AM org.eclipse.lsp4j.jsonrpc.RemoteEndpoint handleCancellation
WARNING: Unmatched cancel notification for request id 257
Jul 23, 2024 10:09:35 AM org.eclipse.lsp4j.jsonrpc.RemoteEndpoint handleCancellation
WARNING: Unmatched cancel notification for request id 259
Jul 23, 2024 10:09:35 AM org.eclipse.lsp4j.jsonrpc.RemoteEndpoint handleCancellation
WARNING: Unmatched cancel notification for request id 260
Jul 23, 2024 10:09:35 AM org.eclipse.lsp4j.jsonrpc.RemoteEndpoint handleCancellation
WARNING: Unmatched cancel notification for request id 261
Jul 23, 2024 10:09:35 AM org.eclipse.lsp4j.jsonrpc.RemoteEndpoint handleCancellation
WARNING: Unmatched cancel notification for request id 262
Jul 23, 2024 10:09:36 AM org.eclipse.lsp4j.jsonrpc.RemoteEndpoint handleCancellation
WARNING: Unmatched cancel notification for request id 265
Jul 23, 2024 10:09:36 AM org.eclipse.lsp4j.jsonrpc.RemoteEndpoint handleCancellation
WARNING: Unmatched cancel notification for request id 267
Jul 23, 2024 10:09:36 AM org.eclipse.lsp4j.jsonrpc.RemoteEndpoint handleCancellation
WARNING: Unmatched cancel notification for request id 269
Jul 23, 2024 10:09:36 AM org.eclipse.lsp4j.jsonrpc.RemoteEndpoint handleCancellation
WARNING: Unmatched cancel notification for request id 270
Jul 23, 2024 10:09:36 AM org.eclipse.lsp4j.jsonrpc.RemoteEndpoint handleCancellation
WARNING: Unmatched cancel notification for request id 271
2024.07.23 10:09:36 WARN  no build target for: D:\scala\functional-programming\assignment1\build.sbt
Jul 23, 2024 10:09:36 AM org.eclipse.lsp4j.jsonrpc.RemoteEndpoint handleCancellation
WARNING: Unmatched cancel notification for request id 273
Jul 23, 2024 10:09:36 AM org.eclipse.lsp4j.jsonrpc.RemoteEndpoint handleCancellation
WARNING: Unmatched cancel notification for request id 274
Jul 23, 2024 10:09:36 AM org.eclipse.lsp4j.jsonrpc.RemoteEndpoint handleCancellation
WARNING: Unmatched cancel notification for request id 277
Jul 23, 2024 10:09:36 AM org.eclipse.lsp4j.jsonrpc.RemoteEndpoint handleCancellation
WARNING: Unmatched cancel notification for request id 278
Jul 23, 2024 10:09:36 AM org.eclipse.lsp4j.jsonrpc.RemoteEndpoint handleCancellation
WARNING: Unmatched cancel notification for request id 280
Jul 23, 2024 10:09:36 AM org.eclipse.lsp4j.jsonrpc.RemoteEndpoint handleCancellation
WARNING: Unmatched cancel notification for request id 281
Jul 23, 2024 10:09:36 AM org.eclipse.lsp4j.jsonrpc.RemoteEndpoint handleCancellation
WARNING: Unmatched cancel notification for request id 282
Jul 23, 2024 10:09:36 AM org.eclipse.lsp4j.jsonrpc.RemoteEndpoint handleCancellation
WARNING: Unmatched cancel notification for request id 288
Jul 23, 2024 10:09:36 AM org.eclipse.lsp4j.jsonrpc.RemoteEndpoint handleCancellation
WARNING: Unmatched cancel notification for request id 290
2024.07.23 10:09:36 INFO  no build target found for D:\scala\functional-programming\assignment1\build.sbt. Using presentation compiler with project's scala-library version: 3.3.3
2024.07.23 10:09:37 WARN  Flyway upgrade recommended: H2 2.2.224 is newer than this version of Flyway and support has not been tested. The latest supported version of H2 is 2.2.220.
2024.07.23 10:09:37 WARN  resetting database: Some(C:\Users\Ishan Maduranga\.metals\metals.h2.db)
2024.07.23 10:09:37 WARN  Flyway upgrade recommended: H2 2.2.224 is newer than this version of Flyway and support has not been tested. The latest supported version of H2 is 2.2.220.
2024.07.23 10:09:37 WARN  Flyway upgrade recommended: H2 2.2.224 is newer than this version of Flyway and support has not been tested. The latest supported version of H2 is 2.2.220.
2024.07.23 10:09:50 INFO  time: indexed workspace in 4m26s
2024.07.23 10:09:50 WARN  no build target for: D:\scala\functional-programming\assignment1\build.sbt
Jul 23, 2024 10:11:24 AM org.eclipse.lsp4j.jsonrpc.RemoteEndpoint handleCancellation
WARNING: Unmatched cancel notification for request id 315
2024.07.23 10:27:35 INFO  compiling assignment1_e91d09b95c (1 scala source)
2024.07.23 10:27:35 INFO  time: compiled assignment1_e91d09b95c in 0.46s
2024.07.23 10:45:03 INFO  Shutting down server
2024.07.23 10:45:03 INFO  shutting down Metals
2024.07.23 10:45:03 INFO  Shut down connection with build server.
2024.07.23 10:45:03 INFO  Exiting server
2024.07.30 10:03:26 INFO  Started: Metals version 1.3.4 in folders 'D:\scala\functional-programming\assignment1' for client Visual Studio Code 1.91.1.
SLF4J(W): Class path contains multiple SLF4J providers.
SLF4J(W): Found provider [scribe.slf4j.ScribeServiceProvider@27cd1fbe]
SLF4J(W): Found provider [ch.qos.logback.classic.spi.LogbackServiceProvider@3ed3b4e8]
SLF4J(W): See https://www.slf4j.org/codes.html#multiple_bindings for an explanation.
SLF4J(I): Actual provider is of type [scribe.slf4j.ScribeServiceProvider@27cd1fbe]
2024.07.30 10:03:27 WARN  Flyway upgrade recommended: H2 2.3.230 is newer than this version of Flyway and support has not been tested. The latest supported version of H2 is 2.2.220.
2024.07.30 10:03:28 INFO  Attempting to connect to the build server...
2024.07.30 10:03:28 INFO  Running BSP server List(C:\Users\Ishan Maduranga\AppData\Local\Coursier\data\bin\.scala-cli.aux.exe, bsp, --json-options, D:\scala\functional-programming\assignment1\.scala-build\ide-options-v2.json, --json-launcher-options, D:\scala\functional-programming\assignment1\.scala-build\ide-launcher-options.json, --envs-file, D:\scala\functional-programming\assignment1\.scala-build\ide-envs.json, D:\scala\functional-programming\assignment1)
2024.07.30 10:03:28 INFO  tracing is disabled for protocol BSP, to enable tracing of incoming and outgoing JSON messages create an empty file at D:\scala\functional-programming\assignment1\.metals\bsp.trace.json or C:\Users\Ishan Maduranga\AppData\Local\scalameta\metals\cache\bsp.trace.json
2024.07.30 10:03:30 INFO  no build target found for D:\scala\functional-programming\assignment1\22000356.scala. Using presentation compiler with project's scala-library version: 3.3.3
Jul 30, 2024 10:03:30 AM org.eclipse.lsp4j.jsonrpc.RemoteEndpoint handleCancellation
WARNING: Unmatched cancel notification for request id 2
Jul 30, 2024 10:03:30 AM org.eclipse.lsp4j.jsonrpc.RemoteEndpoint handleCancellation
WARNING: Unmatched cancel notification for request id 8
Jul 30, 2024 10:03:30 AM org.eclipse.lsp4j.jsonrpc.RemoteEndpoint handleCancellation
WARNING: Unmatched cancel notification for request id 9
2024.07.30 10:03:30 INFO  no build target found for D:\scala\functional-programming\assignment1\22000356.scala. Using presentation compiler with project's scala-library version: 3.3.3
2024.07.30 10:03:32 INFO  no build target found for D:\scala\functional-programming\assignment1\22000356.scala. Using presentation compiler with project's scala-library version: 3.3.3
2024.07.30 10:03:32 INFO  no build target found for D:\scala\functional-programming\assignment1\22000356.scala. Using presentation compiler with project's scala-library version: 3.3.3
2024.07.30 10:03:32 INFO  no build target found for D:\scala\functional-programming\assignment1\22000356.scala. Using presentation compiler with project's scala-library version: 3.3.3
2024.07.30 10:03:32 INFO  no build target found for D:\scala\functional-programming\assignment1\22000356.scala. Using presentation compiler with project's scala-library version: 3.3.3
2024.07.30 10:03:32 INFO  no build target found for D:\scala\functional-programming\assignment1\22000356.scala. Using presentation compiler with project's scala-library version: 3.3.3
2024.07.30 10:03:34 INFO  time: Connected to build server in 6.25s
2024.07.30 10:03:34 INFO  Connected to Build server: scala-cli v1.3.2
2024.07.30 10:03:34 INFO  running doctor check
2024.07.30 10:03:34 INFO  java targets: assignment1_e91d09b95c-test, assignment1_e91d09b95c
2024.07.30 10:03:37 WARN  Flyway upgrade recommended: H2 2.3.230 is newer than this version of Flyway and support has not been tested. The latest supported version of H2 is 2.2.220.
2024.07.30 10:03:38 INFO  time: indexed workspace in 3.61s
2024.07.30 10:03:57 INFO  Shutting down server
2024.07.30 10:03:57 INFO  shutting down Metals
2024.07.30 10:03:57 INFO  Shut down connection with build server.
2024.07.30 10:03:57 INFO  Exiting server
