2024.08.27 09:52:36 INFO  Started: Metals version 1.3.5 in folders 'D:\scala\functional-programming\assignment7' for client Visual Studio Code 1.92.2.
SLF4J(W): Class path contains multiple SLF4J providers.
SLF4J(W): Found provider [scribe.slf4j.ScribeServiceProvider@5ed0db2a]
SLF4J(W): Found provider [ch.qos.logback.classic.spi.LogbackServiceProvider@2505f5b9]
SLF4J(W): See https://www.slf4j.org/codes.html#multiple_bindings for an explanation.
SLF4J(I): Actual provider is of type [scribe.slf4j.ScribeServiceProvider@5ed0db2a]
2024.08.27 09:52:36 WARN  Flyway upgrade recommended: H2 2.3.230 is newer than this version of Flyway and support has not been tested. The latest supported version of H2 is 2.2.220.
2024.08.27 09:52:38 INFO  no build target found for D:\scala\functional-programming\assignment7\22000356_1.scala. Using presentation compiler with project's scala-library version: 3.3.3
Aug 27, 2024 9:52:41 AM org.eclipse.lsp4j.jsonrpc.RemoteEndpoint handleCancellation
WARNING: Unmatched cancel notification for request id 10
Aug 27, 2024 9:52:41 AM org.eclipse.lsp4j.jsonrpc.RemoteEndpoint handleCancellation
WARNING: Unmatched cancel notification for request id 11
2024.08.27 09:52:46 INFO  no build target found for D:\scala\functional-programming\assignment7\22000356_1.scala. Using presentation compiler with project's scala-library version: 3.3.3
2024.08.27 09:53:30 INFO  no build target found for D:\scala\functional-programming\assignment7\22000356_1.scala. Using presentation compiler with project's scala-library version: 3.3.3
2024.08.27 09:53:31 INFO  no build target found for D:\scala\functional-programming\assignment7\22000356_2.scala. Using presentation compiler with project's scala-library version: 3.3.3
2024.08.27 09:54:22 INFO  no build target found for D:\scala\functional-programming\assignment7\22000356_2.scala. Using presentation compiler with project's scala-library version: 3.3.3
2024.08.27 09:54:36 INFO  no build target found for D:\scala\functional-programming\assignment7\22000356_2.scala. Using presentation compiler with project's scala-library version: 3.3.3
2024.08.27 09:54:36 INFO  no build target found for D:\scala\functional-programming\assignment7\build.sbt. Using presentation compiler with project's scala-library version: 3.3.3
2024.08.27 09:54:36 WARN  Could not find semantic tokens for: file:///D:/scala/functional-programming/assignment7/build.sbt
2024.08.27 09:54:37 INFO  no build target found for D:\scala\functional-programming\assignment7\build.sbt. Using presentation compiler with project's scala-library version: 3.3.3
2024.08.27 09:54:37 INFO  no build target found for D:\scala\functional-programming\assignment7\22000356_2.scala. Using presentation compiler with project's scala-library version: 3.3.3
2024.08.27 09:54:37 INFO  no build target found for D:\scala\functional-programming\assignment7\22000356_3.scala. Using presentation compiler with project's scala-library version: 3.3.3
2024.08.27 09:56:42 INFO  no build target found for D:\scala\functional-programming\assignment7\22000356_3.scala. Using presentation compiler with project's scala-library version: 3.3.3
2024.08.27 09:56:44 INFO  no build target found for D:\scala\functional-programming\assignment7\22000356_3.scala. Using presentation compiler with project's scala-library version: 3.3.3
2024.08.27 10:01:29 INFO  no build target found for D:\scala\functional-programming\assignment7\22000356_3.scala. Using presentation compiler with project's scala-library version: 3.3.3
2024.08.27 10:01:29 INFO  no build target found for D:\scala\functional-programming\assignment7\22000356_3.scala. Using presentation compiler with project's scala-library version: 3.3.3
2024.08.27 10:01:30 INFO  no build target found for D:\scala\functional-programming\assignment7\22000356_3.scala. Using presentation compiler with project's scala-library version: 3.3.3
2024.08.27 10:01:31 WARN  no build target for: D:\scala\functional-programming\assignment7\22000356_3.scala
2024.08.27 10:01:31 INFO  no build target found for D:\scala\functional-programming\assignment7\22000356_3.scala. Using presentation compiler with project's scala-library version: 3.3.3
2024.08.27 10:01:31 INFO  no build target found for D:\scala\functional-programming\assignment7\22000356_3.scala. Using presentation compiler with project's scala-library version: 3.3.3
2024.08.27 10:07:21 INFO  no build target found for D:\scala\functional-programming\assignment7\22000356_3.scala. Using presentation compiler with project's scala-library version: 3.3.3
2024.08.27 10:07:22 INFO  no build target found for D:\scala\functional-programming\assignment7\22000356_3.scala. Using presentation compiler with project's scala-library version: 3.3.3
Aug 27, 2024 10:07:22 AM org.eclipse.lsp4j.jsonrpc.RemoteEndpoint handleCancellation
WARNING: Unmatched cancel notification for request id 75
2024.08.27 10:07:25 INFO  no build target found for D:\scala\functional-programming\assignment7\22000356_3.scala. Using presentation compiler with project's scala-library version: 3.3.3
2024.08.27 10:07:25 INFO  no build target found for D:\scala\functional-programming\assignment7\22000356_3.scala. Using presentation compiler with project's scala-library version: 3.3.3
Aug 27, 2024 10:08:56 AM org.eclipse.lsp4j.jsonrpc.services.GenericEndpoint notify
INFO: Unsupported notification method: $/setTrace
2024.08.27 10:10:05 INFO  no build target found for D:\scala\functional-programming\assignment7\22000356_3.scala. Using presentation compiler with project's scala-library version: 3.3.3
2024.08.27 10:10:05 INFO  no build target found for D:\scala\functional-programming\assignment7\22000356_3.scala. Using presentation compiler with project's scala-library version: 3.3.3
2024.08.27 10:10:06 WARN  no build target for: D:\scala\functional-programming\assignment7\22000356_3.scala
2024.08.27 10:10:06 INFO  no build target found for D:\scala\functional-programming\assignment7\22000356_3.scala. Using presentation compiler with project's scala-library version: 3.3.3
2024.08.27 10:10:06 INFO  no build target found for D:\scala\functional-programming\assignment7\22000356_3.scala. Using presentation compiler with project's scala-library version: 3.3.3
2024.08.27 10:13:24 INFO  no build target found for D:\scala\functional-programming\assignment7\22000356_1.scala. Using presentation compiler with project's scala-library version: 3.3.3
2024.08.27 10:15:36 INFO  no build target found for D:\scala\functional-programming\assignment7\22000356_1.scala. Using presentation compiler with project's scala-library version: 3.3.3
2024.08.27 10:16:54 INFO  no build target found for D:\scala\functional-programming\assignment7\22000356_3.scala. Using presentation compiler with project's scala-library version: 3.3.3
2024.08.27 10:17:27 INFO  no build target found for D:\scala\functional-programming\assignment7\22000356_3.scala. Using presentation compiler with project's scala-library version: 3.3.3
2024.08.27 10:17:27 INFO  no build target found for D:\scala\functional-programming\assignment7\22000356_3.scala. Using presentation compiler with project's scala-library version: 3.3.3
2024.08.27 10:17:29 INFO  no build target found for D:\scala\functional-programming\assignment7\22000356_3.scala. Using presentation compiler with project's scala-library version: 3.3.3
2024.08.27 10:17:29 INFO  no build target found for D:\scala\functional-programming\assignment7\22000356_3.scala. Using presentation compiler with project's scala-library version: 3.3.3
2024.08.27 10:17:29 INFO  no build target found for D:\scala\functional-programming\assignment7\22000356_3.scala. Using presentation compiler with project's scala-library version: 3.3.3
2024.08.27 10:17:30 INFO  no build target found for D:\scala\functional-programming\assignment7\22000356_3.scala. Using presentation compiler with project's scala-library version: 3.3.3
2024.08.27 10:17:30 INFO  no build target found for D:\scala\functional-programming\assignment7\22000356_3.scala. Using presentation compiler with project's scala-library version: 3.3.3
2024.08.27 10:17:30 INFO  no build target found for D:\scala\functional-programming\assignment7\22000356_3.scala. Using presentation compiler with project's scala-library version: 3.3.3
2024.08.27 10:17:30 INFO  no build target found for D:\scala\functional-programming\assignment7\22000356_3.scala. Using presentation compiler with project's scala-library version: 3.3.3
2024.08.27 10:17:31 INFO  no build target found for D:\scala\functional-programming\assignment7\22000356_3.scala. Using presentation compiler with project's scala-library version: 3.3.3
2024.08.27 10:17:31 INFO  no build target found for D:\scala\functional-programming\assignment7\22000356_3.scala. Using presentation compiler with project's scala-library version: 3.3.3
2024.08.27 10:17:31 INFO  no build target found for D:\scala\functional-programming\assignment7\22000356_3.scala. Using presentation compiler with project's scala-library version: 3.3.3
2024.08.27 10:17:32 INFO  no build target found for D:\scala\functional-programming\assignment7\22000356_3.scala. Using presentation compiler with project's scala-library version: 3.3.3
2024.08.27 10:17:32 INFO  no build target found for D:\scala\functional-programming\assignment7\22000356_3.scala. Using presentation compiler with project's scala-library version: 3.3.3
2024.08.27 10:17:32 INFO  no build target found for D:\scala\functional-programming\assignment7\22000356_3.scala. Using presentation compiler with project's scala-library version: 3.3.3
2024.08.27 10:17:34 INFO  no build target found for D:\scala\functional-programming\assignment7\22000356_3.scala. Using presentation compiler with project's scala-library version: 3.3.3
2024.08.27 10:17:53 INFO  no build target found for D:\scala\functional-programming\assignment7\22000356_3.scala. Using presentation compiler with project's scala-library version: 3.3.3
2024.08.27 10:17:53 INFO  no build target found for D:\scala\functional-programming\assignment7\22000356_3.scala. Using presentation compiler with project's scala-library version: 3.3.3
2024.08.27 10:17:53 INFO  no build target found for D:\scala\functional-programming\assignment7\22000356_3.scala. Using presentation compiler with project's scala-library version: 3.3.3
2024.08.27 10:17:54 INFO  no build target found for D:\scala\functional-programming\assignment7\22000356_3.scala. Using presentation compiler with project's scala-library version: 3.3.3
2024.08.27 10:17:56 INFO  no build target found for D:\scala\functional-programming\assignment7\22000356_3.scala. Using presentation compiler with project's scala-library version: 3.3.3
2024.08.27 10:18:57 INFO  no build target found for D:\scala\functional-programming\assignment7\22000356_3.scala. Using presentation compiler with project's scala-library version: 3.3.3
2024.08.27 10:18:57 INFO  no build target found for D:\scala\functional-programming\assignment7\22000356_3.scala. Using presentation compiler with project's scala-library version: 3.3.3
2024.08.27 10:18:57 INFO  no build target found for D:\scala\functional-programming\assignment7\22000356_3.scala. Using presentation compiler with project's scala-library version: 3.3.3
2024.08.27 10:18:57 INFO  no build target found for D:\scala\functional-programming\assignment7\22000356_3.scala. Using presentation compiler with project's scala-library version: 3.3.3
2024.08.27 10:18:59 INFO  no build target found for D:\scala\functional-programming\assignment7\22000356_3.scala. Using presentation compiler with project's scala-library version: 3.3.3
2024.08.27 10:18:59 INFO  no build target found for D:\scala\functional-programming\assignment7\22000356_3.scala. Using presentation compiler with project's scala-library version: 3.3.3
