2024.08.23 21:20:46 INFO  Started: Metals version 1.3.5 in folders 'D:\scala\functional-programming\assignment9' for client Visual Studio Code 1.92.2.
SLF4J(W): Class path contains multiple SLF4J providers.
SLF4J(W): Found provider [scribe.slf4j.ScribeServiceProvider@5ed0db2a]
SLF4J(W): Found provider [ch.qos.logback.classic.spi.LogbackServiceProvider@2505f5b9]
SLF4J(W): See https://www.slf4j.org/codes.html#multiple_bindings for an explanation.
SLF4J(I): Actual provider is of type [scribe.slf4j.ScribeServiceProvider@5ed0db2a]
2024.08.23 21:20:46 WARN  Flyway upgrade recommended: H2 2.3.230 is newer than this version of Flyway and support has not been tested. The latest supported version of H2 is 2.2.220.
2024.08.23 21:20:48 INFO  no build target found for D:\scala\functional-programming\assignment9\q1.scala. Using presentation compiler with project's scala-library version: 3.3.3
2024.08.23 21:20:50 INFO  Running List(C:\Users\Ishan Maduranga\AppData\Local\Coursier\data\bin\scala-cli.BAT, setup-ide, D:\scala\functional-programming\assignment9)
2024.08.23 21:20:50 INFO  Attempting to connect to the build server...
2024.08.23 21:20:50 INFO  Running BSP server List(C:\Users\Ishan Maduranga\AppData\Local\Coursier\data\bin\.scala-cli.aux.exe, bsp, --json-options, D:\scala\functional-programming\assignment9\.scala-build\ide-options-v2.json, --json-launcher-options, D:\scala\functional-programming\assignment9\.scala-build\ide-launcher-options.json, --envs-file, D:\scala\functional-programming\assignment9\.scala-build\ide-envs.json, D:\scala\functional-programming\assignment9)
2024.08.23 21:20:51 INFO  tracing is disabled for protocol BSP, to enable tracing of incoming and outgoing JSON messages create an empty file at D:\scala\functional-programming\assignment9\.metals\bsp.trace.json or C:\Users\Ishan Maduranga\AppData\Local\scalameta\metals\cache\bsp.trace.json
2024.08.23 21:20:53 INFO  BSP server: Starting compilation server
2024.08.23 21:20:53 WARN  Could not find semantic tokens for: file:///D:/scala/functional-programming/assignment9/q1.scala
2024.08.23 21:21:02 INFO  time: Connected to build server in 11s
2024.08.23 21:21:02 INFO  Connected to Build server: scala-cli v1.3.2
2024.08.23 21:21:03 INFO  compiling assignment9_e91d09b95c (1 scala source)
2024.08.23 21:21:06 INFO  time: Imported build in 3.87s
2024.08.23 21:21:06 INFO  running doctor check
2024.08.23 21:21:06 INFO  java targets: assignment9_e91d09b95c-test, assignment9_e91d09b95c
2024.08.23 21:21:11 WARN  Flyway upgrade recommended: H2 2.3.230 is newer than this version of Flyway and support has not been tested. The latest supported version of H2 is 2.2.220.
2024.08.23 21:21:14 INFO  time: indexed workspace in 7.92s
2024.08.23 21:21:17 WARN  Could not find semantic tokens for: file:///D:/scala/functional-programming/assignment9/q1.scala
2024.08.23 21:21:19 WARN  Could not find semantic tokens for: file:///D:/scala/functional-programming/assignment9/q1.scala
2024.08.23 21:25:16 WARN  Could not find semantic tokens for: file:///D:/scala/functional-programming/assignment9/q1.scala
2024.08.23 21:25:16 INFO  compiling assignment9_e91d09b95c (1 scala source)
2024.08.23 21:25:16 INFO  time: compiled assignment9_e91d09b95c in 0.31s
2024.08.23 21:25:17 WARN  Could not find semantic tokens for: file:///D:/scala/functional-programming/assignment9/q1.scala
2024.08.23 21:25:18 INFO  compiling assignment9_e91d09b95c (1 scala source)
2024.08.23 21:25:20 INFO  time: compiled assignment9_e91d09b95c in 2.16s
2024.08.23 21:25:23 INFO  compiling assignment9_e91d09b95c (1 scala source)
2024.08.23 21:25:23 INFO  time: compiled assignment9_e91d09b95c in 0.33s
2024.08.23 21:25:32 INFO  compiling assignment9_e91d09b95c (1 scala source)
2024.08.23 21:25:32 INFO  time: compiled assignment9_e91d09b95c in 0.31s
2024.08.23 21:25:38 INFO  compiling assignment9_e91d09b95c (1 scala source)
2024.08.23 21:25:38 INFO  time: compiled assignment9_e91d09b95c in 0.18s
2024.08.23 21:25:40 INFO  compiling assignment9_e91d09b95c (1 scala source)
2024.08.23 21:25:40 INFO  time: compiled assignment9_e91d09b95c in 0.13s
2024.08.23 21:25:46 INFO  compiling assignment9_e91d09b95c (1 scala source)
2024.08.23 21:25:46 INFO  time: compiled assignment9_e91d09b95c in 0.11s
2024.08.23 21:25:48 INFO  compiling assignment9_e91d09b95c (1 scala source)
2024.08.23 21:25:48 INFO  time: compiled assignment9_e91d09b95c in 0.2s
2024.08.23 21:25:53 INFO  compiling assignment9_e91d09b95c (1 scala source)
2024.08.23 21:25:53 INFO  time: compiled assignment9_e91d09b95c in 0.28s
2024.08.23 21:25:55 INFO  compiling assignment9_e91d09b95c (1 scala source)
2024.08.23 21:25:55 INFO  time: compiled assignment9_e91d09b95c in 0.16s
2024.08.23 21:25:59 INFO  compiling assignment9_e91d09b95c (1 scala source)
2024.08.23 21:25:59 INFO  time: compiled assignment9_e91d09b95c in 0.11s
2024.08.23 21:26:01 INFO  compiling assignment9_e91d09b95c (1 scala source)
2024.08.23 21:26:01 INFO  time: compiled assignment9_e91d09b95c in 93ms
2024.08.23 21:26:05 INFO  compiling assignment9_e91d09b95c (1 scala source)
2024.08.23 21:26:05 INFO  time: compiled assignment9_e91d09b95c in 0.15s
2024.08.23 21:26:10 INFO  compiling assignment9_e91d09b95c (1 scala source)
2024.08.23 21:26:10 INFO  time: compiled assignment9_e91d09b95c in 0.34s
2024.08.23 21:26:13 INFO  compiling assignment9_e91d09b95c (1 scala source)
2024.08.23 21:26:13 INFO  time: compiled assignment9_e91d09b95c in 0.23s
2024.08.23 21:26:16 INFO  compiling assignment9_e91d09b95c (1 scala source)
2024.08.23 21:26:16 INFO  time: compiled assignment9_e91d09b95c in 0.12s
2024.08.23 21:26:19 INFO  compiling assignment9_e91d09b95c (1 scala source)
2024.08.23 21:26:19 INFO  time: compiled assignment9_e91d09b95c in 0.11s
Aug 23, 2024 9:26:22 PM org.eclipse.lsp4j.jsonrpc.RemoteEndpoint handleCancellation
WARNING: Unmatched cancel notification for request id 267
2024.08.23 21:26:27 INFO  compiling assignment9_e91d09b95c (1 scala source)
2024.08.23 21:26:27 INFO  time: compiled assignment9_e91d09b95c in 0.11s
2024.08.23 21:26:31 INFO  compiling assignment9_e91d09b95c (1 scala source)
2024.08.23 21:26:31 INFO  time: compiled assignment9_e91d09b95c in 0.34s
2024.08.23 21:26:33 INFO  compiling assignment9_e91d09b95c (1 scala source)
2024.08.23 21:26:33 INFO  time: compiled assignment9_e91d09b95c in 0.14s
2024.08.23 21:26:45 INFO  compiling assignment9_e91d09b95c (1 scala source)
2024.08.23 21:26:45 INFO  time: compiled assignment9_e91d09b95c in 0.12s
2024.08.23 21:26:48 INFO  compiling assignment9_e91d09b95c (1 scala source)
2024.08.23 21:26:48 INFO  time: compiled assignment9_e91d09b95c in 95ms
2024.08.23 21:27:07 INFO  compiling assignment9_e91d09b95c (1 scala source)
2024.08.23 21:27:07 INFO  time: compiled assignment9_e91d09b95c in 0.13s
2024.08.23 21:27:09 INFO  compiling assignment9_e91d09b95c (1 scala source)
2024.08.23 21:27:09 INFO  time: compiled assignment9_e91d09b95c in 0.1s
2024.08.23 21:27:12 INFO  compiling assignment9_e91d09b95c (1 scala source)
2024.08.23 21:27:12 INFO  time: compiled assignment9_e91d09b95c in 0.14s
2024.08.23 21:27:13 INFO  compiling assignment9_e91d09b95c (1 scala source)
2024.08.23 21:27:13 INFO  time: compiled assignment9_e91d09b95c in 0.12s
2024.08.23 21:27:15 INFO  compiling assignment9_e91d09b95c (1 scala source)
2024.08.23 21:27:15 INFO  time: compiled assignment9_e91d09b95c in 0.13s
Aug 23, 2024 9:27:16 PM org.eclipse.lsp4j.jsonrpc.RemoteEndpoint handleCancellation
WARNING: Unmatched cancel notification for request id 413
2024.08.23 21:27:16 INFO  compiling assignment9_e91d09b95c (1 scala source)
2024.08.23 21:27:16 INFO  time: compiled assignment9_e91d09b95c in 0.13s
2024.08.23 21:27:19 INFO  compiling assignment9_e91d09b95c (1 scala source)
2024.08.23 21:27:19 INFO  time: compiled assignment9_e91d09b95c in 0.26s
2024.08.23 21:27:21 INFO  compiling assignment9_e91d09b95c (1 scala source)
2024.08.23 21:27:21 INFO  time: compiled assignment9_e91d09b95c in 0.16s
Aug 23, 2024 9:27:22 PM org.eclipse.lsp4j.jsonrpc.RemoteEndpoint handleCancellation
WARNING: Unmatched cancel notification for request id 453
2024.08.23 21:27:22 INFO  compiling assignment9_e91d09b95c (1 scala source)
2024.08.23 21:27:22 INFO  time: compiled assignment9_e91d09b95c in 0.19s
2024.08.23 21:27:25 INFO  compiling assignment9_e91d09b95c (1 scala source)
2024.08.23 21:27:25 INFO  time: compiled assignment9_e91d09b95c in 0.22s
2024.08.23 21:27:27 INFO  compiling assignment9_e91d09b95c (1 scala source)
2024.08.23 21:27:27 INFO  time: compiled assignment9_e91d09b95c in 0.2s
2024.08.23 21:27:43 INFO  compiling assignment9_e91d09b95c (1 scala source)
2024.08.23 21:27:43 INFO  time: compiled assignment9_e91d09b95c in 0.18s
2024.08.23 21:27:47 INFO  compiling assignment9_e91d09b95c (1 scala source)
2024.08.23 21:27:47 INFO  time: compiled assignment9_e91d09b95c in 0.11s
2024.08.23 21:27:49 INFO  compiling assignment9_e91d09b95c (1 scala source)
2024.08.23 21:27:49 INFO  time: compiled assignment9_e91d09b95c in 0.18s
2024.08.23 21:28:02 INFO  compiling assignment9_e91d09b95c (1 scala source)
2024.08.23 21:28:02 INFO  time: compiled assignment9_e91d09b95c in 96ms
2024.08.23 21:28:04 INFO  compiling assignment9_e91d09b95c (1 scala source)
2024.08.23 21:28:04 INFO  time: compiled assignment9_e91d09b95c in 0.12s
2024.08.23 21:28:13 INFO  compiling assignment9_e91d09b95c (1 scala source)
2024.08.23 21:28:13 INFO  time: compiled assignment9_e91d09b95c in 0.11s
2024.08.23 21:36:54 INFO  compiling assignment9_e91d09b95c (1 scala source)
2024.08.23 21:36:54 INFO  time: compiled assignment9_e91d09b95c in 0.23s
2024.08.23 21:37:05 INFO  compiling assignment9_e91d09b95c (1 scala source)
2024.08.23 21:37:05 INFO  time: compiled assignment9_e91d09b95c in 0.2s
2024.08.23 21:37:07 INFO  compiling assignment9_e91d09b95c (1 scala source)
2024.08.23 21:37:07 INFO  time: compiled assignment9_e91d09b95c in 0.24s
2024.08.23 21:37:08 INFO  compiling assignment9_e91d09b95c (1 scala source)
2024.08.23 21:37:08 INFO  time: compiled assignment9_e91d09b95c in 0.41s
2024.08.23 21:37:18 INFO  compiling assignment9_e91d09b95c (1 scala source)
2024.08.23 21:37:18 INFO  time: compiled assignment9_e91d09b95c in 0.23s
2024.08.23 21:37:18 INFO  compiling assignment9_e91d09b95c (1 scala source)
2024.08.23 21:37:19 INFO  time: compiled assignment9_e91d09b95c in 0.13s
2024.08.23 21:37:26 INFO  compiling assignment9_e91d09b95c (1 scala source)
2024.08.23 21:37:26 INFO  time: compiled assignment9_e91d09b95c in 0.19s
2024.08.23 21:37:31 INFO  compiling assignment9_e91d09b95c (1 scala source)
2024.08.23 21:37:31 INFO  time: compiled assignment9_e91d09b95c in 0.14s
2024.08.23 21:38:04 INFO  compiling assignment9_e91d09b95c (1 scala source)
2024.08.23 21:38:04 INFO  time: compiled assignment9_e91d09b95c in 0.75s
2024.08.23 21:39:49 INFO  no build target found for D:\scala\functional-programming\assignment9\q2.scala. Using presentation compiler with project's scala-library version: 3.3.3
2024.08.23 21:39:49 INFO  no build target found for D:\scala\functional-programming\assignment9\q2.scala. Using presentation compiler with project's scala-library version: 3.3.3
2024.08.23 21:39:49 WARN  Could not find semantic tokens for: file:///D:/scala/functional-programming/assignment9/q2.scala
2024.08.23 21:39:49 INFO  running doctor check
2024.08.23 21:39:49 INFO  java targets: assignment9_e91d09b95c-test, assignment9_e91d09b95c
2024.08.23 21:39:49 INFO  compiling assignment9_e91d09b95c (1 scala source)
2024.08.23 21:39:49 INFO  time: compiled assignment9_e91d09b95c in 0.12s
2024.08.23 21:39:51 INFO  time: indexed workspace in 1.59s
2024.08.23 21:39:51 WARN  Could not find semantic tokens for: file:///D:/scala/functional-programming/assignment9/q2.scala
2024.08.23 21:39:52 WARN  Could not find semantic tokens for: file:///D:/scala/functional-programming/assignment9/q2.scala
2024.08.23 21:39:52 WARN  Could not find semantic tokens for: file:///D:/scala/functional-programming/assignment9/q2.scala
2024.08.23 21:39:53 WARN  Could not find semantic tokens for: file:///D:/scala/functional-programming/assignment9/q2.scala
2024.08.23 21:39:56 INFO  compiling assignment9_e91d09b95c (1 scala source)
2024.08.23 21:39:56 INFO  time: compiled assignment9_e91d09b95c in 0.24s
2024.08.23 21:40:58 INFO  compiling assignment9_e91d09b95c (1 scala source)
2024.08.23 21:40:58 INFO  time: compiled assignment9_e91d09b95c in 0.21s
2024.08.23 21:41:00 INFO  compiling assignment9_e91d09b95c (1 scala source)
2024.08.23 21:41:00 INFO  time: compiled assignment9_e91d09b95c in 0.76s
2024.08.23 21:42:37 INFO  no build target found for D:\scala\functional-programming\assignment9\q3.scala. Using presentation compiler with project's scala-library version: 3.3.3
2024.08.23 21:42:37 INFO  no build target found for D:\scala\functional-programming\assignment9\q3.scala. Using presentation compiler with project's scala-library version: 3.3.3
2024.08.23 21:42:37 WARN  Could not find semantic tokens for: file:///D:/scala/functional-programming/assignment9/q3.scala
2024.08.23 21:42:38 INFO  compiling assignment9_e91d09b95c (1 scala source)
2024.08.23 21:42:38 INFO  time: compiled assignment9_e91d09b95c in 77ms
2024.08.23 21:42:38 INFO  time: Imported build in 0.29s
2024.08.23 21:42:37 INFO  running doctor check
2024.08.23 21:42:37 INFO  java targets: assignment9_e91d09b95c-test, assignment9_e91d09b95c
2024.08.23 21:42:40 INFO  compiling assignment9_e91d09b95c (1 scala source)
2024.08.23 21:42:40 INFO  time: indexed workspace in 2.03s
2024.08.23 21:42:40 INFO  time: compiled assignment9_e91d09b95c in 0.38s
Aug 23, 2024 9:42:55 PM org.eclipse.lsp4j.jsonrpc.services.GenericEndpoint notify
INFO: Unsupported notification method: $/setTrace
2024.08.23 21:44:58 INFO  no build target found for D:\scala\functional-programming\assignment9\build.sbt. Using presentation compiler with project's scala-library version: 3.3.3
2024.08.23 21:44:58 INFO  no build target found for D:\scala\functional-programming\assignment9\build.sbt. Using presentation compiler with project's scala-library version: 3.3.3
2024.08.23 21:44:58 WARN  Could not find semantic tokens for: file:///D:/scala/functional-programming/assignment9/build.sbt
2024.08.23 21:44:58 INFO  no build target found for D:\scala\functional-programming\assignment9\build.sbt. Using presentation compiler with project's scala-library version: 3.3.3
2024.08.23 21:44:59 INFO  no build target found for D:\scala\functional-programming\assignment9\build.sbt. Using presentation compiler with project's scala-library version: 3.3.3
2024.08.23 21:44:59 WARN  Could not find semantic tokens for: file:///D:/scala/functional-programming/assignment9/build.sbt
2024.08.23 21:44:59 INFO  no build target found for D:\scala\functional-programming\assignment9\build.sbt. Using presentation compiler with project's scala-library version: 3.3.3
2024.08.23 21:44:59 WARN  no build target for: D:\scala\functional-programming\assignment9\build.sbt
2024.08.23 21:44:59 INFO  no build target found for D:\scala\functional-programming\assignment9\build.sbt. Using presentation compiler with project's scala-library version: 3.3.3
2024.08.23 21:44:59 WARN  Could not find semantic tokens for: file:///D:/scala/functional-programming/assignment9/build.sbt
2024.08.23 21:45:00 INFO  no build target found for D:\scala\functional-programming\assignment9\build.sbt. Using presentation compiler with project's scala-library version: 3.3.3
2024.08.23 21:45:00 INFO  no build target found for D:\scala\functional-programming\assignment9\build.sbt. Using presentation compiler with project's scala-library version: 3.3.3
2024.08.23 21:45:00 WARN  Could not find semantic tokens for: file:///D:/scala/functional-programming/assignment9/build.sbt
2024.08.23 21:45:00 INFO  no build target found for D:\scala\functional-programming\assignment9\build.sbt. Using presentation compiler with project's scala-library version: 3.3.3
2024.08.23 21:45:01 INFO  no build target found for D:\scala\functional-programming\assignment9\build.sbt. Using presentation compiler with project's scala-library version: 3.3.3
2024.08.23 21:45:01 WARN  Could not find semantic tokens for: file:///D:/scala/functional-programming/assignment9/build.sbt
2024.08.23 21:45:01 INFO  no build target found for D:\scala\functional-programming\assignment9\build.sbt. Using presentation compiler with project's scala-library version: 3.3.3
2024.08.23 21:45:01 WARN  no build target for: D:\scala\functional-programming\assignment9\build.sbt
2024.08.23 21:45:01 INFO  no build target found for D:\scala\functional-programming\assignment9\build.sbt. Using presentation compiler with project's scala-library version: 3.3.3
2024.08.23 21:45:01 WARN  Could not find semantic tokens for: file:///D:/scala/functional-programming/assignment9/build.sbt
2024.08.23 21:45:02 INFO  no build target found for D:\scala\functional-programming\assignment9\build.sbt. Using presentation compiler with project's scala-library version: 3.3.3
2024.08.23 21:45:02 INFO  no build target found for D:\scala\functional-programming\assignment9\build.sbt. Using presentation compiler with project's scala-library version: 3.3.3
2024.08.23 21:45:04 INFO  no build target found for D:\scala\functional-programming\assignment9\build.sbt. Using presentation compiler with project's scala-library version: 3.3.3
2024.08.23 21:45:04 INFO  no build target found for D:\scala\functional-programming\assignment9\build.sbt. Using presentation compiler with project's scala-library version: 3.3.3
2024.08.23 21:45:04 WARN  Could not find semantic tokens for: file:///D:/scala/functional-programming/assignment9/build.sbt
2024.08.23 21:45:04 INFO  no build target found for D:\scala\functional-programming\assignment9\build.sbt. Using presentation compiler with project's scala-library version: 3.3.3
2024.08.23 21:45:04 WARN  no build target for: D:\scala\functional-programming\assignment9\build.sbt
2024.08.23 21:45:05 INFO  no build target found for D:\scala\functional-programming\assignment9\build.sbt. Using presentation compiler with project's scala-library version: 3.3.3
2024.08.23 21:45:05 WARN  Could not find semantic tokens for: file:///D:/scala/functional-programming/assignment9/build.sbt
2024.08.23 21:47:54 INFO  compiling assignment9_e91d09b95c (1 scala source)
2024.08.23 21:47:54 INFO  time: compiled assignment9_e91d09b95c in 0.42s
2024.08.24 12:28:31 INFO  Shutting down server
2024.08.24 12:28:31 INFO  shutting down Metals
2024.08.24 12:28:31 INFO  Shut down connection with build server.
2024.08.24 12:28:31 INFO  Exiting server
